<?xml version="1.0" encoding="UTF-8"?>
<testng-results ignored="0" total="4" passed="4" failed="0" skipped="0">
  <reporter-output>
  </reporter-output>
  <suite started-at="2023-05-19T18:18:51 IST" name="Default suite" finished-at="2023-05-19T18:18:51 IST" duration-ms="161">
    <groups>
    </groups>
    <test started-at="2023-05-19T18:18:51 IST" name="Default test" finished-at="2023-05-19T18:18:51 IST" duration-ms="161">
      <class name="testNGExample.TestngExample3">
        <test-method signature="testCase1()[pri:1, instance:testNGExample.TestngExample3@505fc5a4]" started-at="2023-05-19T18:18:51 IST" name="testCase1" finished-at="2023-05-19T18:18:51 IST" duration-ms="17" status="PASS">
          <reporter-output>
          </reporter-output>
        </test-method> <!-- testCase1 -->
        <test-method signature="testCase3()[pri:2, instance:testNGExample.TestngExample3@505fc5a4]" started-at="2023-05-19T18:18:51 IST" name="testCase3" finished-at="2023-05-19T18:18:51 IST" duration-ms="11" status="PASS">
          <reporter-output>
          </reporter-output>
        </test-method> <!-- testCase3 -->
        <test-method signature="testCase2()[pri:3, instance:testNGExample.TestngExample3@505fc5a4]" started-at="2023-05-19T18:18:51 IST" name="testCase2" finished-at="2023-05-19T18:18:51 IST" duration-ms="4" status="PASS">
          <reporter-output>
          </reporter-output>
        </test-method> <!-- testCase2 -->
        <test-method signature="testCase4()[pri:4, instance:testNGExample.TestngExample3@505fc5a4]" started-at="2023-05-19T18:18:51 IST" name="testCase4" finished-at="2023-05-19T18:18:51 IST" duration-ms="2" status="PASS">
          <reporter-output>
          </reporter-output>
        </test-method> <!-- testCase4 -->
      </class> <!-- testNGExample.TestngExample3 -->
    </test> <!-- Default test -->
  </suite> <!-- Default suite -->
</testng-results>
