<?xml version="1.0" encoding="UTF-8"?>
<!-- Generated by org.testng.reporters.JUnitXMLReporter -->
<testsuite ignored="0" hostname="SavitaRathod" failures="0" tests="4" name="Default test" time="0.161" errors="0" timestamp="2023-05-19T18:18:51 IST">
  <testcase classname="testNGExample.TestngExample3" name="testCase1" time="0.017"/>
  <testcase classname="testNGExample.TestngExample3" name="testCase3" time="0.011"/>
  <testcase classname="testNGExample.TestngExample3" name="testCase2" time="0.004"/>
  <testcase classname="testNGExample.TestngExample3" name="testCase4" time="0.002"/>
</testsuite> <!-- Default test -->
